2020-09-13 00:40:02 上午 [Thread: main][ Class:us.codecraft.webmagic.Spider >> Method: us.codecraft.webmagic.Spider.run(Spider.java:306) ]
INFO:Spider github.com started!
2020-09-13 00:40:02 上午 [Thread: pool-1-thread-1][ Class:us.codecraft.webmagic.downloader.HttpClientDownloader >> Method: us.codecraft.webmagic.downloader.HttpClientDownloader.download(HttpClientDownloader.java:91) ]
WARN:download page https://github.com/code4craft error
javax.net.ssl.SSLHandshakeException: Received fatal alert: protocol_version
	at sun.security.ssl.Alert.createSSLException(Alert.java:131)
	at sun.security.ssl.Alert.createSSLException(Alert.java:117)
	at sun.security.ssl.TransportContext.fatal(TransportContext.java:314)
	at sun.security.ssl.Alert$AlertConsumer.consume(Alert.java:293)
	at sun.security.ssl.TransportContext.dispatch(TransportContext.java:187)
	at sun.security.ssl.SSLTransport.decode(SSLTransport.java:154)
	at sun.security.ssl.SSLSocketImpl.decode(SSLSocketImpl.java:1198)
	at sun.security.ssl.SSLSocketImpl.readHandshakeRecord(SSLSocketImpl.java:1107)
	at sun.security.ssl.SSLSocketImpl.startHandshake(SSLSocketImpl.java:400)
	at sun.security.ssl.SSLSocketImpl.startHandshake(SSLSocketImpl.java:372)
	at org.apache.http.conn.ssl.SSLConnectionSocketFactory.createLayeredSocket(SSLConnectionSocketFactory.java:394)
	at org.apache.http.conn.ssl.SSLConnectionSocketFactory.connectSocket(SSLConnectionSocketFactory.java:353)
	at org.apache.http.impl.conn.DefaultHttpClientConnectionOperator.connect(DefaultHttpClientConnectionOperator.java:141)
	at org.apache.http.impl.conn.PoolingHttpClientConnectionManager.connect(PoolingHttpClientConnectionManager.java:353)
	at org.apache.http.impl.execchain.MainClientExec.establishRoute(MainClientExec.java:380)
	at org.apache.http.impl.execchain.MainClientExec.execute(MainClientExec.java:236)
	at org.apache.http.impl.execchain.ProtocolExec.execute(ProtocolExec.java:184)
	at org.apache.http.impl.execchain.RetryExec.execute(RetryExec.java:88)
	at org.apache.http.impl.execchain.RedirectExec.execute(RedirectExec.java:110)
	at org.apache.http.impl.client.InternalHttpClient.doExecute(InternalHttpClient.java:184)
	at org.apache.http.impl.client.CloseableHttpClient.execute(CloseableHttpClient.java:82)
	at us.codecraft.webmagic.downloader.HttpClientDownloader.download(HttpClientDownloader.java:85)
	at us.codecraft.webmagic.Spider.processRequest(Spider.java:404)
	at us.codecraft.webmagic.Spider.access$000(Spider.java:61)
	at us.codecraft.webmagic.Spider$1.run(Spider.java:320)
	at us.codecraft.webmagic.thread.CountableThreadPool$1.run(CountableThreadPool.java:74)
	at java.util.concurrent.ThreadPoolExecutor.runWorker(ThreadPoolExecutor.java:1149)
	at java.util.concurrent.ThreadPoolExecutor$Worker.run(ThreadPoolExecutor.java:624)
	at java.lang.Thread.run(Thread.java:748)
2020-09-13 00:40:02 上午 [Thread: main][ Class:us.codecraft.webmagic.Spider >> Method: us.codecraft.webmagic.Spider.run(Spider.java:338) ]
INFO:Spider github.com closed! 1 pages downloaded.
2020-09-13 00:43:20 上午 [Thread: main][ Class:us.codecraft.webmagic.Spider >> Method: us.codecraft.webmagic.Spider.run(Spider.java:306) ]
INFO:Spider github.com started!
2020-09-13 00:43:21 上午 [Thread: pool-1-thread-1][ Class:us.codecraft.webmagic.downloader.HttpClientDownloader >> Method: us.codecraft.webmagic.downloader.HttpClientDownloader.download(HttpClientDownloader.java:91) ]
WARN:download page https://github.com/code4craft error
javax.net.ssl.SSLHandshakeException: Received fatal alert: protocol_version
	at sun.security.ssl.Alert.createSSLException(Alert.java:131)
	at sun.security.ssl.Alert.createSSLException(Alert.java:117)
	at sun.security.ssl.TransportContext.fatal(TransportContext.java:314)
	at sun.security.ssl.Alert$AlertConsumer.consume(Alert.java:293)
	at sun.security.ssl.TransportContext.dispatch(TransportContext.java:187)
	at sun.security.ssl.SSLTransport.decode(SSLTransport.java:154)
	at sun.security.ssl.SSLSocketImpl.decode(SSLSocketImpl.java:1198)
	at sun.security.ssl.SSLSocketImpl.readHandshakeRecord(SSLSocketImpl.java:1107)
	at sun.security.ssl.SSLSocketImpl.startHandshake(SSLSocketImpl.java:400)
	at sun.security.ssl.SSLSocketImpl.startHandshake(SSLSocketImpl.java:372)
	at org.apache.http.conn.ssl.SSLConnectionSocketFactory.createLayeredSocket(SSLConnectionSocketFactory.java:394)
	at org.apache.http.conn.ssl.SSLConnectionSocketFactory.connectSocket(SSLConnectionSocketFactory.java:353)
	at org.apache.http.impl.conn.DefaultHttpClientConnectionOperator.connect(DefaultHttpClientConnectionOperator.java:141)
	at org.apache.http.impl.conn.PoolingHttpClientConnectionManager.connect(PoolingHttpClientConnectionManager.java:353)
	at org.apache.http.impl.execchain.MainClientExec.establishRoute(MainClientExec.java:380)
	at org.apache.http.impl.execchain.MainClientExec.execute(MainClientExec.java:236)
	at org.apache.http.impl.execchain.ProtocolExec.execute(ProtocolExec.java:184)
	at org.apache.http.impl.execchain.RetryExec.execute(RetryExec.java:88)
	at org.apache.http.impl.execchain.RedirectExec.execute(RedirectExec.java:110)
	at org.apache.http.impl.client.InternalHttpClient.doExecute(InternalHttpClient.java:184)
	at org.apache.http.impl.client.CloseableHttpClient.execute(CloseableHttpClient.java:82)
	at us.codecraft.webmagic.downloader.HttpClientDownloader.download(HttpClientDownloader.java:85)
	at us.codecraft.webmagic.Spider.processRequest(Spider.java:404)
	at us.codecraft.webmagic.Spider.access$000(Spider.java:61)
	at us.codecraft.webmagic.Spider$1.run(Spider.java:320)
	at us.codecraft.webmagic.thread.CountableThreadPool$1.run(CountableThreadPool.java:74)
	at java.util.concurrent.ThreadPoolExecutor.runWorker(ThreadPoolExecutor.java:1149)
	at java.util.concurrent.ThreadPoolExecutor$Worker.run(ThreadPoolExecutor.java:624)
	at java.lang.Thread.run(Thread.java:748)
2020-09-13 00:43:21 上午 [Thread: main][ Class:us.codecraft.webmagic.Spider >> Method: us.codecraft.webmagic.Spider.run(Spider.java:338) ]
INFO:Spider github.com closed! 1 pages downloaded.
2020-09-13 00:47:43 上午 [Thread: main][ Class:us.codecraft.webmagic.Spider >> Method: us.codecraft.webmagic.Spider.run(Spider.java:306) ]
INFO:Spider blog.sina.com.cn started!
2020-09-13 00:47:43 上午 [Thread: pool-1-thread-1][ Class:us.codecraft.webmagic.downloader.HttpClientDownloader >> Method: us.codecraft.webmagic.downloader.HttpClientDownloader.download(HttpClientDownloader.java:88) ]
INFO:downloading page success http://blog.sina.com.cn/s/articlelist_1487828712_0_1.html
2020-09-13 00:47:46 上午 [Thread: pool-1-thread-1][ Class:us.codecraft.webmagic.downloader.HttpClientDownloader >> Method: us.codecraft.webmagic.downloader.HttpClientDownloader.download(HttpClientDownloader.java:88) ]
INFO:downloading page success http://blog.sina.com.cn/s/blog_58ae76e80100to5q.html
2020-09-13 00:47:49 上午 [Thread: pool-1-thread-1][ Class:us.codecraft.webmagic.downloader.HttpClientDownloader >> Method: us.codecraft.webmagic.downloader.HttpClientDownloader.download(HttpClientDownloader.java:88) ]
INFO:downloading page success http://blog.sina.com.cn/s/blog_58ae76e80100s2mo.html
2020-09-13 00:47:53 上午 [Thread: pool-1-thread-1][ Class:us.codecraft.webmagic.downloader.HttpClientDownloader >> Method: us.codecraft.webmagic.downloader.HttpClientDownloader.download(HttpClientDownloader.java:88) ]
INFO:downloading page success http://blog.sina.com.cn/s/blog_58ae76e80100qln9.html
2020-09-13 00:47:56 上午 [Thread: pool-1-thread-1][ Class:us.codecraft.webmagic.downloader.HttpClientDownloader >> Method: us.codecraft.webmagic.downloader.HttpClientDownloader.download(HttpClientDownloader.java:88) ]
INFO:downloading page success http://blog.sina.com.cn/s/blog_58ae76e80100pjln.html
2020-09-13 00:47:59 上午 [Thread: pool-1-thread-1][ Class:us.codecraft.webmagic.downloader.HttpClientDownloader >> Method: us.codecraft.webmagic.downloader.HttpClientDownloader.download(HttpClientDownloader.java:88) ]
INFO:downloading page success http://blog.sina.com.cn/s/blog_58ae76e80100ozem.html
2020-09-13 00:48:02 上午 [Thread: pool-1-thread-1][ Class:us.codecraft.webmagic.downloader.HttpClientDownloader >> Method: us.codecraft.webmagic.downloader.HttpClientDownloader.download(HttpClientDownloader.java:88) ]
INFO:downloading page success http://blog.sina.com.cn/s/blog_58ae76e80100ogmp.html
2020-09-13 00:48:05 上午 [Thread: pool-1-thread-1][ Class:us.codecraft.webmagic.downloader.HttpClientDownloader >> Method: us.codecraft.webmagic.downloader.HttpClientDownloader.download(HttpClientDownloader.java:88) ]
INFO:downloading page success http://blog.sina.com.cn/s/blog_58ae76e80100n284.html
2020-09-13 00:48:08 上午 [Thread: pool-1-thread-1][ Class:us.codecraft.webmagic.downloader.HttpClientDownloader >> Method: us.codecraft.webmagic.downloader.HttpClientDownloader.download(HttpClientDownloader.java:88) ]
INFO:downloading page success http://blog.sina.com.cn/s/blog_58ae76e80100n0wf.html
2020-09-13 00:48:11 上午 [Thread: pool-1-thread-1][ Class:us.codecraft.webmagic.downloader.HttpClientDownloader >> Method: us.codecraft.webmagic.downloader.HttpClientDownloader.download(HttpClientDownloader.java:88) ]
INFO:downloading page success http://blog.sina.com.cn/s/blog_58ae76e80100msy6.html
2020-09-13 00:48:14 上午 [Thread: pool-1-thread-1][ Class:us.codecraft.webmagic.downloader.HttpClientDownloader >> Method: us.codecraft.webmagic.downloader.HttpClientDownloader.download(HttpClientDownloader.java:88) ]
INFO:downloading page success http://blog.sina.com.cn/s/blog_58ae76e80100mfqf.html
2020-09-13 00:48:17 上午 [Thread: pool-1-thread-1][ Class:us.codecraft.webmagic.downloader.HttpClientDownloader >> Method: us.codecraft.webmagic.downloader.HttpClientDownloader.download(HttpClientDownloader.java:88) ]
INFO:downloading page success http://blog.sina.com.cn/s/blog_58ae76e80100m4rt.html
2020-09-13 00:48:20 上午 [Thread: pool-1-thread-1][ Class:us.codecraft.webmagic.downloader.HttpClientDownloader >> Method: us.codecraft.webmagic.downloader.HttpClientDownloader.download(HttpClientDownloader.java:88) ]
INFO:downloading page success http://blog.sina.com.cn/s/blog_58ae76e80100m4qf.html
2020-09-13 00:48:23 上午 [Thread: pool-1-thread-1][ Class:us.codecraft.webmagic.downloader.HttpClientDownloader >> Method: us.codecraft.webmagic.downloader.HttpClientDownloader.download(HttpClientDownloader.java:88) ]
INFO:downloading page success http://blog.sina.com.cn/s/blog_58ae76e80100m469.html
2020-09-13 00:48:26 上午 [Thread: pool-1-thread-1][ Class:us.codecraft.webmagic.downloader.HttpClientDownloader >> Method: us.codecraft.webmagic.downloader.HttpClientDownloader.download(HttpClientDownloader.java:88) ]
INFO:downloading page success http://blog.sina.com.cn/s/blog_58ae76e80100m352.html
2020-09-13 00:48:29 上午 [Thread: pool-1-thread-1][ Class:us.codecraft.webmagic.downloader.HttpClientDownloader >> Method: us.codecraft.webmagic.downloader.HttpClientDownloader.download(HttpClientDownloader.java:88) ]
INFO:downloading page success http://blog.sina.com.cn/s/blog_58ae76e80100lseb.html
